<?xml version="1.0" encoding="UTF-8"?>
<testsuite name="threesolid.TestWorker" tests="2" skipped="0" failures="0" errors="0" timestamp="2018-10-25T20:13:37" hostname="ChaseLP2" time="0.011">
  <properties/>
  <testcase name="testWorkerWithName()" classname="threesolid.TestWorker" time="0.009"/>
  <testcase name="testWorkerWithNoName()" classname="threesolid.TestWorker" time="0.001"/>
  <system-out><![CDATA[]]></system-out>
  <system-err><![CDATA[]]></system-err>
</testsuite>
