<?xml version="1.0" encoding="UTF-8"?>
<testsuite name="threesolid.TestGreeter" tests="1" skipped="0" failures="0" errors="0" timestamp="2018-10-26T01:26:41" hostname="ChaseLP2" time="0.008">
  <properties/>
  <testcase name="newtestCLPTestPass()" classname="threesolid.TestGreeter" time="0.008"/>
  <system-out><![CDATA[]]></system-out>
  <system-err><![CDATA[]]></system-err>
</testsuite>
